<?xml version="1.0" encoding="UTF-8"?>
<testsuite xmlns:xsi="http://www.w3.org/2001/XMLSchema-instance" xsi:noNamespaceSchemaLocation="https://maven.apache.org/surefire/maven-surefire-plugin/xsd/surefire-test-report-3.0.xsd" version="3.0" name="com.seuprojeto.banco.test.ContaBancariaTest" time="0.12" tests="17" errors="0" skipped="0" failures="0">
  <properties>
[...]
</properties>
  <testcase name="testTransferenciaFalhaPorValorNegativo" classname="com.seuprojeto.banco.test.ContaBancariaTest" time="0.038">
    <system-out><![CDATA[--- Teste finalizado ---
]]></system-out>
  </testcase>
  <testcase name="testConstrutorPadraoComSaldoZero" classname="com.seuprojeto.banco.test.ContaBancariaTest" time="0.002">
    <system-out><![CDATA[--- Teste finalizado ---
]]></system-out>
  </testcase>
  <testcase name="testIsolamento" classname="com.seuprojeto.banco.test.ContaBancariaTest" time="0.001">
    <system-out><![CDATA[--- Teste finalizado ---
]]></system-out>
  </testcase>
  <testcase name="testConstrutorComSaldoInicialPositivo" classname="com.seuprojeto.banco.test.ContaBancariaTest" time="0.001">
    <system-out><![CDATA[--- Teste finalizado ---
]]></system-out>
  </testcase>
  <testcase name="testEncapsulamentoEGetters" classname="com.seuprojeto.banco.test.ContaBancariaTest" time="0.002">
    <system-out><![CDATA[--- Teste finalizado ---
]]></system-out>
  </testcase>
  <testcase name="testSaqueLancaExcecaoComSaldoInsuficiente" classname="com.seuprojeto.banco.test.ContaBancariaTest" time="0.006">
    <system-out><![CDATA[--- Teste finalizado ---
]]></system-out>
  </testcase>
  <testcase name="testTransferenciaFalhaComDestinoNull" classname="com.seuprojeto.banco.test.ContaBancariaTest" time="0.001">
    <system-out><![CDATA[--- Teste finalizado ---
]]></system-out>
  </testcase>
  <testcase name="testDepositoLancaExcecaoComValorZero" classname="com.seuprojeto.banco.test.ContaBancariaTest" time="0.001">
    <system-out><![CDATA[--- Teste finalizado ---
]]></system-out>
  </testcase>
  <testcase name="testConstrutorLancaExcecaoComSaldoInicialNegativo" classname="com.seuprojeto.banco.test.ContaBancariaTest" time="0.005">
    <system-out><![CDATA[--- Teste finalizado ---
]]></system-out>
  </testcase>
  <testcase name="testSaqueLancaExcecaoComValorNegativo" classname="com.seuprojeto.banco.test.ContaBancariaTest" time="0.002">
    <system-out><![CDATA[--- Teste finalizado ---
]]></system-out>
  </testcase>
  <testcase name="testTransferenciaFalhaPorSaldoInsuficiente" classname="com.seuprojeto.banco.test.ContaBancariaTest" time="0.001">
    <system-out><![CDATA[--- Teste finalizado ---
]]></system-out>
  </testcase>
  <testcase name="testSaqueLancaExcecaoComValorZero" classname="com.seuprojeto.banco.test.ContaBancariaTest" time="0.003">
    <system-out><![CDATA[--- Teste finalizado ---
]]></system-out>
  </testcase>
  <testcase name="testTransferenciaBemSucedida" classname="com.seuprojeto.banco.test.ContaBancariaTest" time="0.004">
    <system-out><![CDATA[--- Teste finalizado ---
]]></system-out>
  </testcase>
  <testcase name="testConstrutorLancaExcecaoComSaldoInicialZero" classname="com.seuprojeto.banco.test.ContaBancariaTest" time="0.003">
    <system-out><![CDATA[--- Teste finalizado ---
]]></system-out>
  </testcase>
  <testcase name="testDepositoLancaExcecaoComValorNegativo" classname="com.seuprojeto.banco.test.ContaBancariaTest" time="0.002">
    <system-out><![CDATA[--- Teste finalizado ---
]]></system-out>
  </testcase>
  <testcase name="testSaqueBemSucedido" classname="com.seuprojeto.banco.test.ContaBancariaTest" time="0.001">
    <system-out><![CDATA[--- Teste finalizado ---
]]></system-out>
  </testcase>
  <testcase name="testDepositoBemSucedido" classname="com.seuprojeto.banco.test.ContaBancariaTest" time="0.002">
    <system-out><![CDATA[--- Teste finalizado ---
]]></system-out>
  </testcase>
</testsuite>